{
  "stats": {
    "suites": 1,
    "tests": 2,
    "passes": 1,
    "pending": 0,
    "failures": 1,
    "start": "2024-08-14T17:14:07.839Z",
    "end": "2024-08-14T17:14:08.396Z",
    "duration": 557,
    "testsRegistered": 2,
    "passPercent": 50,
    "pendingPercent": 0,
    "other": 0,
    "hasOther": false,
    "skipped": 0,
    "hasSkipped": false
  },
  "results": [
    {
      "uuid": "f419c91b-6660-4b3f-ae82-5b92ceeef0db",
      "title": "",
      "fullFile": "cypress\\e2e\\tests\\store-Tests.cy.js",
      "file": "cypress\\e2e\\tests\\store-Tests.cy.js",
      "beforeHooks": [],
      "afterHooks": [],
      "tests": [],
      "suites": [
        {
          "uuid": "05a6e31c-298b-438f-b96c-c4d702f9562d",
          "title": "User Tests",
          "fullFile": "",
          "file": "",
          "beforeHooks": [],
          "afterHooks": [],
          "tests": [
            {
              "title": "Petstore için oluşturma",
              "fullTitle": "User Tests Petstore için oluşturma",
              "timedOut": null,
              "duration": 171,
              "state": "passed",
              "speed": "fast",
              "pass": true,
              "fail": false,
              "pending": false,
              "context": null,
              "code": "cy.request({\n  method: 'POST',\n  url: url + \"store/order\",\n  body: data.orderPetBody()\n}).then(response => {\n  console.log(response);\n  expect(response.status).to.eq(200);\n});",
              "err": {},
              "uuid": "73bd2dc6-87a6-4ce1-ac55-59f86f98712a",
              "parentUUID": "05a6e31c-298b-438f-b96c-c4d702f9562d",
              "isHook": false,
              "skipped": false
            },
            {
              "title": "ID ile bulma",
              "fullTitle": "User Tests ID ile bulma",
              "timedOut": null,
              "duration": 316,
              "state": "failed",
              "speed": null,
              "pass": false,
              "fail": true,
              "pending": false,
              "context": null,
              "code": "cy.request('GET', url + \"store/order\" + data.orderPetBody().id.toString()).then(response => {\n  expect(response.status).to.eq(200);\n  expect(response.body).to.have.property('id', data.orderPetBody().id);\n});",
              "err": {
                "message": "CypressError: `cy.request()` failed on:\n\nhttps://petstore.swagger.io/v2/store/order5\n\nThe response we received from your web server was:\n\n  > 404: Not Found\n\nThis was considered a failure because the status code was not `2xx` or `3xx`.\n\nIf you do not want status codes to cause failures pass the option: `failOnStatusCode: false`\n\n-----------------------------------------------------------\n\nThe request we sent was:\n\nMethod: GET\nURL: https://petstore.swagger.io/v2/store/order5\nHeaders: {\n  \"Connection\": \"keep-alive\",\n  \"user-agent\": \"Mozilla/5.0 (Windows NT 10.0; Win64; x64) AppleWebKit/537.36 (KHTML, like Gecko) Cypress/13.13.2 Chrome/118.0.5993.159 Electron/27.3.10 Safari/537.36\",\n  \"accept\": \"*/*\",\n  \"accept-encoding\": \"gzip, deflate\"\n}\n\n-----------------------------------------------------------\n\nThe response we got was:\n\nStatus: 404 - Not Found\nHeaders: {\n  \"date\": \"Wed, 14 Aug 2024 17:14:09 GMT\",\n  \"content-type\": \"application/xml\",\n  \"content-length\": \"177\",\n  \"connection\": \"keep-alive\",\n  \"access-control-allow-origin\": \"*\",\n  \"access-control-allow-methods\": \"GET, POST, DELETE, PUT\",\n  \"access-control-allow-headers\": \"Content-Type, api_key, Authorization\",\n  \"server\": \"Jetty(9.2.9.v20150224)\"\n}\nBody: <?xml version=\"1.0\" encoding=\"UTF-8\" standalone=\"yes\"?><apiResponse><message>null for uri: http://petstore.swagger.io/v2/store/order5</message><type>unknown</type></apiResponse>\n\n\nhttps://on.cypress.io/request",
                "estack": "CypressError: `cy.request()` failed on:\n\nhttps://petstore.swagger.io/v2/store/order5\n\nThe response we received from your web server was:\n\n  > 404: Not Found\n\nThis was considered a failure because the status code was not `2xx` or `3xx`.\n\nIf you do not want status codes to cause failures pass the option: `failOnStatusCode: false`\n\n-----------------------------------------------------------\n\nThe request we sent was:\n\nMethod: GET\nURL: https://petstore.swagger.io/v2/store/order5\nHeaders: {\n  \"Connection\": \"keep-alive\",\n  \"user-agent\": \"Mozilla/5.0 (Windows NT 10.0; Win64; x64) AppleWebKit/537.36 (KHTML, like Gecko) Cypress/13.13.2 Chrome/118.0.5993.159 Electron/27.3.10 Safari/537.36\",\n  \"accept\": \"*/*\",\n  \"accept-encoding\": \"gzip, deflate\"\n}\n\n-----------------------------------------------------------\n\nThe response we got was:\n\nStatus: 404 - Not Found\nHeaders: {\n  \"date\": \"Wed, 14 Aug 2024 17:14:09 GMT\",\n  \"content-type\": \"application/xml\",\n  \"content-length\": \"177\",\n  \"connection\": \"keep-alive\",\n  \"access-control-allow-origin\": \"*\",\n  \"access-control-allow-methods\": \"GET, POST, DELETE, PUT\",\n  \"access-control-allow-headers\": \"Content-Type, api_key, Authorization\",\n  \"server\": \"Jetty(9.2.9.v20150224)\"\n}\nBody: <?xml version=\"1.0\" encoding=\"UTF-8\" standalone=\"yes\"?><apiResponse><message>null for uri: http://petstore.swagger.io/v2/store/order5</message><type>unknown</type></apiResponse>\n\n\nhttps://on.cypress.io/request\n    at <unknown> (http://localhost:59001/__cypress/runner/cypress_runner.js:133185:72)\n    at tryCatcher (http://localhost:59001/__cypress/runner/cypress_runner.js:1807:23)\n    at Promise._settlePromiseFromHandler (http://localhost:59001/__cypress/runner/cypress_runner.js:1519:31)\n    at Promise._settlePromise (http://localhost:59001/__cypress/runner/cypress_runner.js:1576:18)\n    at Promise._settlePromise0 (http://localhost:59001/__cypress/runner/cypress_runner.js:1621:10)\n    at Promise._settlePromises (http://localhost:59001/__cypress/runner/cypress_runner.js:1701:18)\n    at _drainQueueStep (http://localhost:59001/__cypress/runner/cypress_runner.js:2407:12)\n    at _drainQueue (http://localhost:59001/__cypress/runner/cypress_runner.js:2400:9)\n    at Async._drainQueues (http://localhost:59001/__cypress/runner/cypress_runner.js:2416:5)\n    at Async.drainQueues (http://localhost:59001/__cypress/runner/cypress_runner.js:2286:14)\nFrom Your Spec Code:\n    at Context.eval (webpack:///./cypress/e2e/tests/store-Tests.cy.js:21:7)",
                "diff": null
              },
              "uuid": "9cb2a9bb-ed7b-487e-bbde-3d3f2738384a",
              "parentUUID": "05a6e31c-298b-438f-b96c-c4d702f9562d",
              "isHook": false,
              "skipped": false
            }
          ],
          "suites": [],
          "passes": [
            "73bd2dc6-87a6-4ce1-ac55-59f86f98712a"
          ],
          "failures": [
            "9cb2a9bb-ed7b-487e-bbde-3d3f2738384a"
          ],
          "pending": [],
          "skipped": [],
          "duration": 487,
          "root": false,
          "rootEmpty": false,
          "_timeout": 2000
        }
      ],
      "passes": [],
      "failures": [],
      "pending": [],
      "skipped": [],
      "duration": 0,
      "root": true,
      "rootEmpty": true,
      "_timeout": 2000
    }
  ],
  "meta": {
    "mocha": {
      "version": "7.0.1"
    },
    "mochawesome": {
      "options": {
        "quiet": false,
        "reportFilename": "mochawesome",
        "saveHtml": true,
        "saveJson": true,
        "consoleReporter": "spec",
        "useInlineDiffs": false,
        "code": true
      },
      "version": "7.1.3"
    },
    "marge": {
      "options": {
        "reportDir": "cypress/reports",
        "overwrite": false,
        "html": true,
        "json": true
      },
      "version": "6.2.0"
    }
  }
}