{
  "stats": {
    "suites": 1,
    "tests": 16,
    "passes": 16,
    "pending": 0,
    "failures": 0,
    "start": "2024-08-09T14:47:22.400Z",
    "end": "2024-08-09T14:47:26.294Z",
    "duration": 3894,
    "testsRegistered": 16,
    "passPercent": 100,
    "pendingPercent": 0,
    "other": 0,
    "hasOther": false,
    "skipped": 0,
    "hasSkipped": false
  },
  "results": [
    {
      "uuid": "f9ec82af-b839-4f6f-a0e2-56e77156cad3",
      "title": "",
      "fullFile": "cypress\\e2e\\tests\\user-Tests.cy.js",
      "file": "cypress\\e2e\\tests\\user-Tests.cy.js",
      "beforeHooks": [],
      "afterHooks": [],
      "tests": [],
      "suites": [
        {
          "uuid": "f85b0f40-8313-47eb-9188-e53e41077a51",
          "title": "User Tests",
          "fullFile": "",
          "file": "",
          "beforeHooks": [],
          "afterHooks": [],
          "tests": [
            {
              "title": "Create User ",
              "fullTitle": "User Tests Create User ",
              "timedOut": null,
              "duration": 948,
              "state": "passed",
              "speed": "fast",
              "pass": true,
              "fail": false,
              "pending": false,
              "context": null,
              "code": "cy.request({\n  method: \"POST\",\n  url: url + \"user\",\n  body: data.bodyPayload()\n}).then(response => {\n  expect(response.status).to.eq(200);\n});",
              "err": {},
              "uuid": "308f3cb2-f0f5-4fcb-8307-8e2f3e75e791",
              "parentUUID": "f85b0f40-8313-47eb-9188-e53e41077a51",
              "isHook": false,
              "skipped": false
            },
            {
              "title": "Get User Info",
              "fullTitle": "User Tests Get User Info",
              "timedOut": null,
              "duration": 172,
              "state": "passed",
              "speed": "fast",
              "pass": true,
              "fail": false,
              "pending": false,
              "context": null,
              "code": "cy.request(\"GET\", url + \"user/marryireland\").then(response => {\n  expect(response.status).to.eq(200);\n});",
              "err": {},
              "uuid": "1abf3b5a-f987-455b-9adb-0a66ef367d46",
              "parentUUID": "f85b0f40-8313-47eb-9188-e53e41077a51",
              "isHook": false,
              "skipped": false
            },
            {
              "title": "Update User ",
              "fullTitle": "User Tests Update User ",
              "timedOut": null,
              "duration": 173,
              "state": "passed",
              "speed": "fast",
              "pass": true,
              "fail": false,
              "pending": false,
              "context": null,
              "code": "cy.request({\n  method: \"PUT\",\n  url: url + \"user/marryland\",\n  body: data.updatePayload(\"Cengizhan\", \"İlteriş\")\n}).then(response => {\n  expect(response.status).to.eq(200);\n});",
              "err": {},
              "uuid": "1a1d2b65-32cb-40d2-aa2a-b8c2362a2f63",
              "parentUUID": "f85b0f40-8313-47eb-9188-e53e41077a51",
              "isHook": false,
              "skipped": false
            },
            {
              "title": "Delete User",
              "fullTitle": "User Tests Delete User",
              "timedOut": null,
              "duration": 176,
              "state": "passed",
              "speed": "fast",
              "pass": true,
              "fail": false,
              "pending": false,
              "context": null,
              "code": "cy.request({\n  method: \"DELETE\",\n  url: url + \"user/marryireland\",\n  headers: data.headerPayload()\n}).then(response => {\n  expect(response.status).to.eq(200);\n});",
              "err": {},
              "uuid": "c5a8c937-4f7e-4ae0-996b-7cc1eea056ec",
              "parentUUID": "f85b0f40-8313-47eb-9188-e53e41077a51",
              "isHook": false,
              "skipped": false
            },
            {
              "title": "Create User ",
              "fullTitle": "User Tests Create User ",
              "timedOut": null,
              "duration": 178,
              "state": "passed",
              "speed": "fast",
              "pass": true,
              "fail": false,
              "pending": false,
              "context": null,
              "code": "cy.request({\n  method: \"POST\",\n  url: url + \"user\",\n  body: data.createPostDatav2()\n}).then(response => {\n  expect(response.status).to.eq(200);\n});",
              "err": {},
              "uuid": "6c4e3f10-3f7a-4a3d-90f8-293799f1deff",
              "parentUUID": "f85b0f40-8313-47eb-9188-e53e41077a51",
              "isHook": false,
              "skipped": false
            },
            {
              "title": "Get User Info",
              "fullTitle": "User Tests Get User Info",
              "timedOut": null,
              "duration": 169,
              "state": "passed",
              "speed": "fast",
              "pass": true,
              "fail": false,
              "pending": false,
              "context": null,
              "code": "cy.request(\"GET\", url + \"user/loginetc\").then(response => {\n  expect(response.status).to.eq(200);\n});",
              "err": {},
              "uuid": "6291cdcb-83bb-4a66-8022-50c3d7b40d7a",
              "parentUUID": "f85b0f40-8313-47eb-9188-e53e41077a51",
              "isHook": false,
              "skipped": false
            },
            {
              "title": "Login User",
              "fullTitle": "User Tests Login User",
              "timedOut": null,
              "duration": 186,
              "state": "passed",
              "speed": "fast",
              "pass": true,
              "fail": false,
              "pending": false,
              "context": null,
              "code": "cy.request({\n  method: \"GET\",\n  url: url + \"user/login\",\n  query: data.userSign(\"loginetc\", \"123123\")\n}).then(response => {\n  expect(response.status).to.eq(200);\n});",
              "err": {},
              "uuid": "7db5243d-eea3-470a-bf77-9ad5244827c2",
              "parentUUID": "f85b0f40-8313-47eb-9188-e53e41077a51",
              "isHook": false,
              "skipped": false
            },
            {
              "title": "Logout User",
              "fullTitle": "User Tests Logout User",
              "timedOut": null,
              "duration": 202,
              "state": "passed",
              "speed": "fast",
              "pass": true,
              "fail": false,
              "pending": false,
              "context": null,
              "code": "cy.request({\n  method: \"GET\",\n  url: url + \"user/logout\",\n  headers: data.headerPayload()\n}).then(response => {\n  expect(response.status).to.eq(200);\n});",
              "err": {},
              "uuid": "41565671-b1b4-43bf-8abc-b45a28696e43",
              "parentUUID": "f85b0f40-8313-47eb-9188-e53e41077a51",
              "isHook": false,
              "skipped": false
            },
            {
              "title": "Create With List User ",
              "fullTitle": "User Tests Create With List User ",
              "timedOut": null,
              "duration": 222,
              "state": "passed",
              "speed": "fast",
              "pass": true,
              "fail": false,
              "pending": false,
              "context": null,
              "code": "cy.request({\n  method: \"POST\",\n  url: url + \"user/createWithList\",\n  body: data.listPostData()\n}).then(response => {\n  expect(response.status).to.eq(200);\n});",
              "err": {},
              "uuid": "c75c5781-48dd-4fab-9091-fb906d2f7ec3",
              "parentUUID": "f85b0f40-8313-47eb-9188-e53e41077a51",
              "isHook": false,
              "skipped": false
            },
            {
              "title": "Create With Array User ",
              "fullTitle": "User Tests Create With Array User ",
              "timedOut": null,
              "duration": 178,
              "state": "passed",
              "speed": "fast",
              "pass": true,
              "fail": false,
              "pending": false,
              "context": null,
              "code": "cy.request({\n  method: \"POST\",\n  url: url + \"user/createWithArray\",\n  headers: data.headerPayload(),\n  body: data.listArrayPostData()\n}).then(response => {\n  expect(response.status).to.eq(200);\n});",
              "err": {},
              "uuid": "17ba39db-7b86-48f3-9a58-cd2a511d1dce",
              "parentUUID": "f85b0f40-8313-47eb-9188-e53e41077a51",
              "isHook": false,
              "skipped": false
            },
            {
              "title": "Check missing animal",
              "fullTitle": "User Tests Check missing animal",
              "timedOut": null,
              "duration": 192,
              "state": "passed",
              "speed": "fast",
              "pass": true,
              "fail": false,
              "pending": false,
              "context": null,
              "code": "cy.request({\n  method: \"GET\",\n  url: url + \"pet/44445555555555\",\n  failOnStatusCode: false // 404 hatası vermesini engellemek için\n}).then(response => {\n  expect(response.status).to.eq(404);\n});",
              "err": {},
              "uuid": "bbde0980-8aac-4c27-aee4-db38e5a24a42",
              "parentUUID": "f85b0f40-8313-47eb-9188-e53e41077a51",
              "isHook": false,
              "skipped": false
            },
            {
              "title": "Create New Animal",
              "fullTitle": "User Tests Create New Animal",
              "timedOut": null,
              "duration": 226,
              "state": "passed",
              "speed": "fast",
              "pass": true,
              "fail": false,
              "pending": false,
              "context": null,
              "code": "cy.request({\n  method: \"POST\",\n  url: url + \"pet\",\n  body: data.createPostAnimal()\n}).then(response => {\n  expect(response.status).to.eq(200);\n});",
              "err": {},
              "uuid": "8167ebb2-df6d-462b-a002-45c262a58dab",
              "parentUUID": "f85b0f40-8313-47eb-9188-e53e41077a51",
              "isHook": false,
              "skipped": false
            },
            {
              "title": "Check New Animal",
              "fullTitle": "User Tests Check New Animal",
              "timedOut": null,
              "duration": 176,
              "state": "passed",
              "speed": "fast",
              "pass": true,
              "fail": false,
              "pending": false,
              "context": null,
              "code": "cy.request({\n  method: \"GET\",\n  url: url + \"pet/4444\"\n}).then(response => {\n  expect(response.status).to.eq(200);\n});",
              "err": {},
              "uuid": "22f949d5-85e9-423c-8fc1-c8f7705ce744",
              "parentUUID": "f85b0f40-8313-47eb-9188-e53e41077a51",
              "isHook": false,
              "skipped": false
            },
            {
              "title": "Update Animal Name ",
              "fullTitle": "User Tests Update Animal Name ",
              "timedOut": null,
              "duration": 172,
              "state": "passed",
              "speed": "fast",
              "pass": true,
              "fail": false,
              "pending": false,
              "context": null,
              "code": "cy.request({\n  method: \"PUT\",\n  url: url + \"pet\",\n  body: data.PutAnimal(\"Çirkin\")\n}).then(response => {\n  expect(response.status).to.eq(200);\n});",
              "err": {},
              "uuid": "23f1d296-52bc-4c2e-8bcf-2be738fc0702",
              "parentUUID": "f85b0f40-8313-47eb-9188-e53e41077a51",
              "isHook": false,
              "skipped": false
            },
            {
              "title": "Delete Success Animal",
              "fullTitle": "User Tests Delete Success Animal",
              "timedOut": null,
              "duration": 175,
              "state": "passed",
              "speed": "fast",
              "pass": true,
              "fail": false,
              "pending": false,
              "context": null,
              "code": "cy.request({\n  method: \"DELETE\",\n  url: url + \"pet/4444\",\n  headers: data.headerPayload()\n}).then(response => {\n  expect(response.status).to.eq(200);\n});",
              "err": {},
              "uuid": "53b30d0d-bc25-4231-aedf-9454a3b2db72",
              "parentUUID": "f85b0f40-8313-47eb-9188-e53e41077a51",
              "isHook": false,
              "skipped": false
            },
            {
              "title": "Delete expected 404 animal",
              "fullTitle": "User Tests Delete expected 404 animal",
              "timedOut": null,
              "duration": 177,
              "state": "passed",
              "speed": "fast",
              "pass": true,
              "fail": false,
              "pending": false,
              "context": null,
              "code": "cy.request({\n  method: \"DELETE\",\n  url: url + \"pet/44445555555555\",\n  failOnStatusCode: false // 404 hatası vermesini engellemek için\n}).then(response => {\n  expect(response.status).to.eq(404);\n});",
              "err": {},
              "uuid": "3a517d53-4aaf-4a00-91a8-057c22a92b43",
              "parentUUID": "f85b0f40-8313-47eb-9188-e53e41077a51",
              "isHook": false,
              "skipped": false
            }
          ],
          "suites": [],
          "passes": [
            "308f3cb2-f0f5-4fcb-8307-8e2f3e75e791",
            "1abf3b5a-f987-455b-9adb-0a66ef367d46",
            "1a1d2b65-32cb-40d2-aa2a-b8c2362a2f63",
            "c5a8c937-4f7e-4ae0-996b-7cc1eea056ec",
            "6c4e3f10-3f7a-4a3d-90f8-293799f1deff",
            "6291cdcb-83bb-4a66-8022-50c3d7b40d7a",
            "7db5243d-eea3-470a-bf77-9ad5244827c2",
            "41565671-b1b4-43bf-8abc-b45a28696e43",
            "c75c5781-48dd-4fab-9091-fb906d2f7ec3",
            "17ba39db-7b86-48f3-9a58-cd2a511d1dce",
            "bbde0980-8aac-4c27-aee4-db38e5a24a42",
            "8167ebb2-df6d-462b-a002-45c262a58dab",
            "22f949d5-85e9-423c-8fc1-c8f7705ce744",
            "23f1d296-52bc-4c2e-8bcf-2be738fc0702",
            "53b30d0d-bc25-4231-aedf-9454a3b2db72",
            "3a517d53-4aaf-4a00-91a8-057c22a92b43"
          ],
          "failures": [],
          "pending": [],
          "skipped": [],
          "duration": 3722,
          "root": false,
          "rootEmpty": false,
          "_timeout": 2000
        }
      ],
      "passes": [],
      "failures": [],
      "pending": [],
      "skipped": [],
      "duration": 0,
      "root": true,
      "rootEmpty": true,
      "_timeout": 2000
    }
  ],
  "meta": {
    "mocha": {
      "version": "7.0.1"
    },
    "mochawesome": {
      "options": {
        "quiet": false,
        "reportFilename": "mochawesome",
        "saveHtml": true,
        "saveJson": true,
        "consoleReporter": "spec",
        "useInlineDiffs": false,
        "code": true
      },
      "version": "7.1.3"
    },
    "marge": {
      "options": {
        "reportDir": "cypress/reports",
        "overwrite": false,
        "html": true,
        "json": true
      },
      "version": "6.2.0"
    }
  }
}