{
  "stats": {
    "suites": 1,
    "tests": 2,
    "passes": 1,
    "pending": 0,
    "failures": 1,
    "start": "2024-08-14T17:12:10.677Z",
    "end": "2024-08-14T17:12:11.122Z",
    "duration": 445,
    "testsRegistered": 2,
    "passPercent": 50,
    "pendingPercent": 0,
    "other": 0,
    "hasOther": false,
    "skipped": 0,
    "hasSkipped": false
  },
  "results": [
    {
      "uuid": "73c7e478-6360-45a9-8f55-489781dc5076",
      "title": "",
      "fullFile": "cypress\\e2e\\tests\\store-Tests.cy.js",
      "file": "cypress\\e2e\\tests\\store-Tests.cy.js",
      "beforeHooks": [],
      "afterHooks": [],
      "tests": [],
      "suites": [
        {
          "uuid": "8c71ba2b-9b49-4588-8840-a37b4bc84f86",
          "title": "User Tests",
          "fullFile": "",
          "file": "",
          "beforeHooks": [],
          "afterHooks": [],
          "tests": [
            {
              "title": "Petstore için oluşturma",
              "fullTitle": "User Tests Petstore için oluşturma",
              "timedOut": null,
              "duration": 169,
              "state": "passed",
              "speed": "fast",
              "pass": true,
              "fail": false,
              "pending": false,
              "context": null,
              "code": "cy.request({\n  method: 'POST',\n  url: url + \"store/order\",\n  body: data.orderPetBody()\n}).then(response => {\n  console.log(response);\n  expect(response.status).to.eq(200);\n});",
              "err": {},
              "uuid": "1a3c5a0d-01c6-413a-8ad0-30610e2c0cfa",
              "parentUUID": "8c71ba2b-9b49-4588-8840-a37b4bc84f86",
              "isHook": false,
              "skipped": false
            },
            {
              "title": "ID ile bulma",
              "fullTitle": "User Tests ID ile bulma",
              "timedOut": null,
              "duration": 213,
              "state": "failed",
              "speed": null,
              "pass": false,
              "fail": true,
              "pending": false,
              "context": null,
              "code": "cy.request('GET', url + \"store/order/5\" + store.orderPetBody().id.toString()).then(response => {\n  expect(response.status).to.eq(200);\n  expect(response.body).to.have.property('id', store.orderPetBody().id);\n});",
              "err": {
                "message": "ReferenceError: store is not defined",
                "estack": "ReferenceError: store is not defined\n    at Context.eval (webpack:///./cypress/e2e/tests/store-Tests.cy.js:21:46)",
                "diff": null
              },
              "uuid": "4fd903f8-5c68-4aa2-b1f8-ea65f07bad0d",
              "parentUUID": "8c71ba2b-9b49-4588-8840-a37b4bc84f86",
              "isHook": false,
              "skipped": false
            }
          ],
          "suites": [],
          "passes": [
            "1a3c5a0d-01c6-413a-8ad0-30610e2c0cfa"
          ],
          "failures": [
            "4fd903f8-5c68-4aa2-b1f8-ea65f07bad0d"
          ],
          "pending": [],
          "skipped": [],
          "duration": 382,
          "root": false,
          "rootEmpty": false,
          "_timeout": 2000
        }
      ],
      "passes": [],
      "failures": [],
      "pending": [],
      "skipped": [],
      "duration": 0,
      "root": true,
      "rootEmpty": true,
      "_timeout": 2000
    }
  ],
  "meta": {
    "mocha": {
      "version": "7.0.1"
    },
    "mochawesome": {
      "options": {
        "quiet": false,
        "reportFilename": "mochawesome",
        "saveHtml": true,
        "saveJson": true,
        "consoleReporter": "spec",
        "useInlineDiffs": false,
        "code": true
      },
      "version": "7.1.3"
    },
    "marge": {
      "options": {
        "reportDir": "cypress/reports",
        "overwrite": false,
        "html": true,
        "json": true
      },
      "version": "6.2.0"
    }
  }
}