{
  "stats": {
    "suites": 1,
    "tests": 2,
    "passes": 0,
    "pending": 0,
    "failures": 2,
    "start": "2024-08-14T17:22:41.537Z",
    "end": "2024-08-14T17:22:42.016Z",
    "duration": 479,
    "testsRegistered": 2,
    "passPercent": 0,
    "pendingPercent": 0,
    "other": 0,
    "hasOther": false,
    "skipped": 0,
    "hasSkipped": false
  },
  "results": [
    {
      "uuid": "3558b371-a5ce-40d1-bb28-bd3ae3c14696",
      "title": "",
      "fullFile": "cypress\\e2e\\tests\\store-Tests.cy.js",
      "file": "cypress\\e2e\\tests\\store-Tests.cy.js",
      "beforeHooks": [],
      "afterHooks": [],
      "tests": [],
      "suites": [
        {
          "uuid": "a39a047f-2b9e-4933-9d15-4c9a9573e7da",
          "title": "User Tests",
          "fullFile": "",
          "file": "",
          "beforeHooks": [],
          "afterHooks": [],
          "tests": [
            {
              "title": "Create PetStore Order",
              "fullTitle": "User Tests Create PetStore Order",
              "timedOut": null,
              "duration": 222,
              "state": "failed",
              "speed": null,
              "pass": false,
              "fail": true,
              "pending": false,
              "context": null,
              "code": "cy.request({\n  method: \"POST\",\n  url: url + storeWay,\n  body: data.orderPetBody()\n}).then(response => {\n  console.log(response);\n  expect(response.status).to.eq(200);\n});",
              "err": {
                "message": "ReferenceError: storeWay is not defined",
                "estack": "ReferenceError: storeWay is not defined\n    at Context.eval (webpack:///./cypress/e2e/tests/store-Tests.cy.js:11:17)",
                "diff": null
              },
              "uuid": "ec5b368a-3b53-4e78-a064-389388d75b0f",
              "parentUUID": "a39a047f-2b9e-4933-9d15-4c9a9573e7da",
              "isHook": false,
              "skipped": false
            },
            {
              "title": "Find Order ID",
              "fullTitle": "User Tests Find Order ID",
              "timedOut": null,
              "duration": 194,
              "state": "failed",
              "speed": null,
              "pass": false,
              "fail": true,
              "pending": false,
              "context": null,
              "code": "cy.request(\"GET\", url + storeWay + data.orderPetBody().id.toString()).then(response => {\n  expect(response.status).to.eq(200);\n  expect(response.body).to.have.property(\"id\", data.orderPetBody().id);\n});",
              "err": {
                "message": "ReferenceError: storeWay is not defined",
                "estack": "ReferenceError: storeWay is not defined\n    at Context.eval (webpack:///./cypress/e2e/tests/store-Tests.cy.js:20:28)",
                "diff": null
              },
              "uuid": "28743b6e-240c-4476-8cd5-1c7cc2ee1a3d",
              "parentUUID": "a39a047f-2b9e-4933-9d15-4c9a9573e7da",
              "isHook": false,
              "skipped": false
            }
          ],
          "suites": [],
          "passes": [],
          "failures": [
            "ec5b368a-3b53-4e78-a064-389388d75b0f",
            "28743b6e-240c-4476-8cd5-1c7cc2ee1a3d"
          ],
          "pending": [],
          "skipped": [],
          "duration": 416,
          "root": false,
          "rootEmpty": false,
          "_timeout": 2000
        }
      ],
      "passes": [],
      "failures": [],
      "pending": [],
      "skipped": [],
      "duration": 0,
      "root": true,
      "rootEmpty": true,
      "_timeout": 2000
    }
  ],
  "meta": {
    "mocha": {
      "version": "7.0.1"
    },
    "mochawesome": {
      "options": {
        "quiet": false,
        "reportFilename": "mochawesome",
        "saveHtml": true,
        "saveJson": true,
        "consoleReporter": "spec",
        "useInlineDiffs": false,
        "code": true
      },
      "version": "7.1.3"
    },
    "marge": {
      "options": {
        "reportDir": "cypress/reports",
        "overwrite": false,
        "html": true,
        "json": true
      },
      "version": "6.2.0"
    }
  }
}