{
  "stats": {
    "suites": 1,
    "tests": 2,
    "passes": 2,
    "pending": 0,
    "failures": 0,
    "start": "2024-08-14T17:14:43.079Z",
    "end": "2024-08-14T17:14:43.435Z",
    "duration": 356,
    "testsRegistered": 2,
    "passPercent": 100,
    "pendingPercent": 0,
    "other": 0,
    "hasOther": false,
    "skipped": 0,
    "hasSkipped": false
  },
  "results": [
    {
      "uuid": "247e2d44-672c-45f3-a0fb-14c840b26f46",
      "title": "",
      "fullFile": "cypress\\e2e\\tests\\store-Tests.cy.js",
      "file": "cypress\\e2e\\tests\\store-Tests.cy.js",
      "beforeHooks": [],
      "afterHooks": [],
      "tests": [],
      "suites": [
        {
          "uuid": "21284cac-1ade-4337-a451-ed2a70dc7916",
          "title": "User Tests",
          "fullFile": "",
          "file": "",
          "beforeHooks": [],
          "afterHooks": [],
          "tests": [
            {
              "title": "Petstore için oluşturma",
              "fullTitle": "User Tests Petstore için oluşturma",
              "timedOut": null,
              "duration": 167,
              "state": "passed",
              "speed": "fast",
              "pass": true,
              "fail": false,
              "pending": false,
              "context": null,
              "code": "cy.request({\n  method: 'POST',\n  url: url + \"store/order\",\n  body: data.orderPetBody()\n}).then(response => {\n  console.log(response);\n  expect(response.status).to.eq(200);\n});",
              "err": {},
              "uuid": "93de0341-6be8-4e3f-930e-36c9a59b2a3e",
              "parentUUID": "21284cac-1ade-4337-a451-ed2a70dc7916",
              "isHook": false,
              "skipped": false
            },
            {
              "title": "ID ile bulma",
              "fullTitle": "User Tests ID ile bulma",
              "timedOut": null,
              "duration": 156,
              "state": "passed",
              "speed": "fast",
              "pass": true,
              "fail": false,
              "pending": false,
              "context": null,
              "code": "cy.request('GET', url + \"store/order/\" + data.orderPetBody().id.toString()).then(response => {\n  expect(response.status).to.eq(200);\n  expect(response.body).to.have.property('id', data.orderPetBody().id);\n});",
              "err": {},
              "uuid": "5c2c943e-4111-4b4c-9765-a680ea4c48be",
              "parentUUID": "21284cac-1ade-4337-a451-ed2a70dc7916",
              "isHook": false,
              "skipped": false
            }
          ],
          "suites": [],
          "passes": [
            "93de0341-6be8-4e3f-930e-36c9a59b2a3e",
            "5c2c943e-4111-4b4c-9765-a680ea4c48be"
          ],
          "failures": [],
          "pending": [],
          "skipped": [],
          "duration": 323,
          "root": false,
          "rootEmpty": false,
          "_timeout": 2000
        }
      ],
      "passes": [],
      "failures": [],
      "pending": [],
      "skipped": [],
      "duration": 0,
      "root": true,
      "rootEmpty": true,
      "_timeout": 2000
    }
  ],
  "meta": {
    "mocha": {
      "version": "7.0.1"
    },
    "mochawesome": {
      "options": {
        "quiet": false,
        "reportFilename": "mochawesome",
        "saveHtml": true,
        "saveJson": true,
        "consoleReporter": "spec",
        "useInlineDiffs": false,
        "code": true
      },
      "version": "7.1.3"
    },
    "marge": {
      "options": {
        "reportDir": "cypress/reports",
        "overwrite": false,
        "html": true,
        "json": true
      },
      "version": "6.2.0"
    }
  }
}