{
  "stats": {
    "suites": 1,
    "tests": 10,
    "passes": 10,
    "pending": 0,
    "failures": 0,
    "start": "2024-08-14T17:07:16.158Z",
    "end": "2024-08-14T17:07:17.973Z",
    "duration": 1815,
    "testsRegistered": 10,
    "passPercent": 100,
    "pendingPercent": 0,
    "other": 0,
    "hasOther": false,
    "skipped": 0,
    "hasSkipped": false
  },
  "results": [
    {
      "uuid": "afa5776e-8106-497d-9a3c-08835cdf42c2",
      "title": "",
      "fullFile": "cypress\\e2e\\tests\\user-Tests.cy.js",
      "file": "cypress\\e2e\\tests\\user-Tests.cy.js",
      "beforeHooks": [],
      "afterHooks": [],
      "tests": [],
      "suites": [
        {
          "uuid": "14e39a71-1177-4c88-82d1-2b076229b65f",
          "title": "User Tests",
          "fullFile": "",
          "file": "",
          "beforeHooks": [],
          "afterHooks": [],
          "tests": [
            {
              "title": "Create User ",
              "fullTitle": "User Tests Create User ",
              "timedOut": null,
              "duration": 180,
              "state": "passed",
              "speed": "fast",
              "pass": true,
              "fail": false,
              "pending": false,
              "context": null,
              "code": "cy.request({\n  method: \"POST\",\n  url: url + \"user\",\n  body: data.bodyPayload()\n}).then(response => {\n  expect(response.status).to.eq(200);\n});",
              "err": {},
              "uuid": "970fa299-9260-40c5-bb80-9870f1bdacbc",
              "parentUUID": "14e39a71-1177-4c88-82d1-2b076229b65f",
              "isHook": false,
              "skipped": false
            },
            {
              "title": "Get User Info",
              "fullTitle": "User Tests Get User Info",
              "timedOut": null,
              "duration": 169,
              "state": "passed",
              "speed": "fast",
              "pass": true,
              "fail": false,
              "pending": false,
              "context": null,
              "code": "cy.request(\"GET\", url + \"user/marryireland\").then(response => {\n  expect(response.status).to.eq(200);\n});",
              "err": {},
              "uuid": "4361c574-c9ca-4420-be1e-fcbdf5174c90",
              "parentUUID": "14e39a71-1177-4c88-82d1-2b076229b65f",
              "isHook": false,
              "skipped": false
            },
            {
              "title": "Update User ",
              "fullTitle": "User Tests Update User ",
              "timedOut": null,
              "duration": 174,
              "state": "passed",
              "speed": "fast",
              "pass": true,
              "fail": false,
              "pending": false,
              "context": null,
              "code": "cy.request({\n  method: \"PUT\",\n  url: url + \"user/marryland\",\n  body: data.updatePayload(\"Cengizhan\", \"İlteriş\")\n}).then(response => {\n  expect(response.status).to.eq(200);\n});",
              "err": {},
              "uuid": "32bb18a9-e9ae-42f1-a9a1-f9195ca8ff94",
              "parentUUID": "14e39a71-1177-4c88-82d1-2b076229b65f",
              "isHook": false,
              "skipped": false
            },
            {
              "title": "Delete User",
              "fullTitle": "User Tests Delete User",
              "timedOut": null,
              "duration": 167,
              "state": "passed",
              "speed": "fast",
              "pass": true,
              "fail": false,
              "pending": false,
              "context": null,
              "code": "cy.request({\n  method: \"DELETE\",\n  url: url + \"user/marryireland\",\n  headers: data.headerPayload()\n}).then(response => {\n  expect(response.status).to.eq(200);\n});",
              "err": {},
              "uuid": "9cb38f59-2b52-4a12-bb2f-6914b8743175",
              "parentUUID": "14e39a71-1177-4c88-82d1-2b076229b65f",
              "isHook": false,
              "skipped": false
            },
            {
              "title": "Create User ",
              "fullTitle": "User Tests Create User ",
              "timedOut": null,
              "duration": 170,
              "state": "passed",
              "speed": "fast",
              "pass": true,
              "fail": false,
              "pending": false,
              "context": null,
              "code": "cy.request({\n  method: \"POST\",\n  url: url + \"user\",\n  body: data.createPostDatav2()\n}).then(response => {\n  expect(response.status).to.eq(200);\n});",
              "err": {},
              "uuid": "46df5e32-8d8d-455f-9418-ae54589918e3",
              "parentUUID": "14e39a71-1177-4c88-82d1-2b076229b65f",
              "isHook": false,
              "skipped": false
            },
            {
              "title": "Get User Info",
              "fullTitle": "User Tests Get User Info",
              "timedOut": null,
              "duration": 169,
              "state": "passed",
              "speed": "fast",
              "pass": true,
              "fail": false,
              "pending": false,
              "context": null,
              "code": "cy.request(\"GET\", url + \"user/loginetc\").then(response => {\n  expect(response.status).to.eq(200);\n});",
              "err": {},
              "uuid": "9a79385f-30fd-4614-a94a-13aff5766fef",
              "parentUUID": "14e39a71-1177-4c88-82d1-2b076229b65f",
              "isHook": false,
              "skipped": false
            },
            {
              "title": "Login User",
              "fullTitle": "User Tests Login User",
              "timedOut": null,
              "duration": 169,
              "state": "passed",
              "speed": "fast",
              "pass": true,
              "fail": false,
              "pending": false,
              "context": null,
              "code": "cy.request({\n  method: \"GET\",\n  url: url + \"user/login\",\n  query: data.userSign(\"loginetc\", \"123123\")\n}).then(response => {\n  expect(response.status).to.eq(200);\n});",
              "err": {},
              "uuid": "8dd7a0fa-1496-4672-bbf7-ed30e61fae56",
              "parentUUID": "14e39a71-1177-4c88-82d1-2b076229b65f",
              "isHook": false,
              "skipped": false
            },
            {
              "title": "Logout User",
              "fullTitle": "User Tests Logout User",
              "timedOut": null,
              "duration": 168,
              "state": "passed",
              "speed": "fast",
              "pass": true,
              "fail": false,
              "pending": false,
              "context": null,
              "code": "cy.request({\n  method: \"GET\",\n  url: url + \"user/logout\",\n  headers: data.headerPayload()\n}).then(response => {\n  expect(response.status).to.eq(200);\n});",
              "err": {},
              "uuid": "59dd97b4-8c29-4d8c-9ce2-1f3c1a0c77c8",
              "parentUUID": "14e39a71-1177-4c88-82d1-2b076229b65f",
              "isHook": false,
              "skipped": false
            },
            {
              "title": "Create With List User ",
              "fullTitle": "User Tests Create With List User ",
              "timedOut": null,
              "duration": 169,
              "state": "passed",
              "speed": "fast",
              "pass": true,
              "fail": false,
              "pending": false,
              "context": null,
              "code": "cy.request({\n  method: \"POST\",\n  url: url + \"user/createWithList\",\n  body: data.listPostData()\n}).then(response => {\n  expect(response.status).to.eq(200);\n});",
              "err": {},
              "uuid": "4de2e2d6-2e6c-48b1-9ebd-6a36617b55b9",
              "parentUUID": "14e39a71-1177-4c88-82d1-2b076229b65f",
              "isHook": false,
              "skipped": false
            },
            {
              "title": "Create With Array User ",
              "fullTitle": "User Tests Create With Array User ",
              "timedOut": null,
              "duration": 170,
              "state": "passed",
              "speed": "fast",
              "pass": true,
              "fail": false,
              "pending": false,
              "context": null,
              "code": "cy.request({\n  method: \"POST\",\n  url: url + \"user/createWithArray\",\n  headers: data.headerPayload(),\n  body: data.listArrayPostData()\n}).then(response => {\n  expect(response.status).to.eq(200);\n});",
              "err": {},
              "uuid": "18c39112-80d8-46d3-972c-38d4995c26f0",
              "parentUUID": "14e39a71-1177-4c88-82d1-2b076229b65f",
              "isHook": false,
              "skipped": false
            }
          ],
          "suites": [],
          "passes": [
            "970fa299-9260-40c5-bb80-9870f1bdacbc",
            "4361c574-c9ca-4420-be1e-fcbdf5174c90",
            "32bb18a9-e9ae-42f1-a9a1-f9195ca8ff94",
            "9cb38f59-2b52-4a12-bb2f-6914b8743175",
            "46df5e32-8d8d-455f-9418-ae54589918e3",
            "9a79385f-30fd-4614-a94a-13aff5766fef",
            "8dd7a0fa-1496-4672-bbf7-ed30e61fae56",
            "59dd97b4-8c29-4d8c-9ce2-1f3c1a0c77c8",
            "4de2e2d6-2e6c-48b1-9ebd-6a36617b55b9",
            "18c39112-80d8-46d3-972c-38d4995c26f0"
          ],
          "failures": [],
          "pending": [],
          "skipped": [],
          "duration": 1705,
          "root": false,
          "rootEmpty": false,
          "_timeout": 2000
        }
      ],
      "passes": [],
      "failures": [],
      "pending": [],
      "skipped": [],
      "duration": 0,
      "root": true,
      "rootEmpty": true,
      "_timeout": 2000
    }
  ],
  "meta": {
    "mocha": {
      "version": "7.0.1"
    },
    "mochawesome": {
      "options": {
        "quiet": false,
        "reportFilename": "mochawesome",
        "saveHtml": true,
        "saveJson": true,
        "consoleReporter": "spec",
        "useInlineDiffs": false,
        "code": true
      },
      "version": "7.1.3"
    },
    "marge": {
      "options": {
        "reportDir": "cypress/reports",
        "overwrite": false,
        "html": true,
        "json": true
      },
      "version": "6.2.0"
    }
  }
}