{
  "stats": {
    "suites": 1,
    "tests": 1,
    "passes": 1,
    "pending": 0,
    "failures": 0,
    "start": "2024-08-14T17:08:13.349Z",
    "end": "2024-08-14T17:08:13.546Z",
    "duration": 197,
    "testsRegistered": 1,
    "passPercent": 100,
    "pendingPercent": 0,
    "other": 0,
    "hasOther": false,
    "skipped": 0,
    "hasSkipped": false
  },
  "results": [
    {
      "uuid": "6e7c3255-8bb1-4781-a8cc-e736d09fa6a8",
      "title": "",
      "fullFile": "cypress\\e2e\\tests\\store-Tests.cy.js",
      "file": "cypress\\e2e\\tests\\store-Tests.cy.js",
      "beforeHooks": [],
      "afterHooks": [],
      "tests": [],
      "suites": [
        {
          "uuid": "4f42b388-1b99-4a47-98d7-046ef2b36d6f",
          "title": "User Tests",
          "fullFile": "",
          "file": "",
          "beforeHooks": [],
          "afterHooks": [],
          "tests": [
            {
              "title": "Petstore için oluşturma",
              "fullTitle": "User Tests Petstore için oluşturma",
              "timedOut": null,
              "duration": 180,
              "state": "passed",
              "speed": "fast",
              "pass": true,
              "fail": false,
              "pending": false,
              "context": null,
              "code": "cy.request({\n  method: 'POST',\n  url: url + \"store/order\",\n  body: data.orderPetBody()\n}).then(response => {\n  console.log(response);\n  expect(response.status).to.eq(200);\n});",
              "err": {},
              "uuid": "ce4c7d0c-07bf-44e1-86aa-cbe90517f29e",
              "parentUUID": "4f42b388-1b99-4a47-98d7-046ef2b36d6f",
              "isHook": false,
              "skipped": false
            }
          ],
          "suites": [],
          "passes": [
            "ce4c7d0c-07bf-44e1-86aa-cbe90517f29e"
          ],
          "failures": [],
          "pending": [],
          "skipped": [],
          "duration": 180,
          "root": false,
          "rootEmpty": false,
          "_timeout": 2000
        }
      ],
      "passes": [],
      "failures": [],
      "pending": [],
      "skipped": [],
      "duration": 0,
      "root": true,
      "rootEmpty": true,
      "_timeout": 2000
    }
  ],
  "meta": {
    "mocha": {
      "version": "7.0.1"
    },
    "mochawesome": {
      "options": {
        "quiet": false,
        "reportFilename": "mochawesome",
        "saveHtml": true,
        "saveJson": true,
        "consoleReporter": "spec",
        "useInlineDiffs": false,
        "code": true
      },
      "version": "7.1.3"
    },
    "marge": {
      "options": {
        "reportDir": "cypress/reports",
        "overwrite": false,
        "html": true,
        "json": true
      },
      "version": "6.2.0"
    }
  }
}