{
  "stats": {
    "suites": 1,
    "tests": 16,
    "passes": 16,
    "pending": 0,
    "failures": 0,
    "start": "2024-08-09T14:40:23.547Z",
    "end": "2024-08-09T14:40:27.110Z",
    "duration": 3563,
    "testsRegistered": 16,
    "passPercent": 100,
    "pendingPercent": 0,
    "other": 0,
    "hasOther": false,
    "skipped": 0,
    "hasSkipped": false
  },
  "results": [
    {
      "uuid": "79996cdc-7c9b-4c0c-a998-32c4522d86f0",
      "title": "",
      "fullFile": "cypress\\e2e\\tests\\user-Tests.cy.js",
      "file": "cypress\\e2e\\tests\\user-Tests.cy.js",
      "beforeHooks": [],
      "afterHooks": [],
      "tests": [],
      "suites": [
        {
          "uuid": "9259143c-140d-49b0-92cc-3a0e3d0ba9a0",
          "title": "User Tests",
          "fullFile": "",
          "file": "",
          "beforeHooks": [],
          "afterHooks": [],
          "tests": [
            {
              "title": "Create User ",
              "fullTitle": "User Tests Create User ",
              "timedOut": null,
              "duration": 886,
              "state": "passed",
              "speed": "fast",
              "pass": true,
              "fail": false,
              "pending": false,
              "context": null,
              "code": "cy.request({\n  method: \"POST\",\n  url: url + \"user\",\n  body: data.bodyPayload()\n}).then(response => {\n  expect(response.status).to.eq(200);\n});",
              "err": {},
              "uuid": "1ab3fb0a-3da2-4693-aee5-b9cde424169a",
              "parentUUID": "9259143c-140d-49b0-92cc-3a0e3d0ba9a0",
              "isHook": false,
              "skipped": false
            },
            {
              "title": "Get User Info",
              "fullTitle": "User Tests Get User Info",
              "timedOut": null,
              "duration": 172,
              "state": "passed",
              "speed": "fast",
              "pass": true,
              "fail": false,
              "pending": false,
              "context": null,
              "code": "cy.request(\"GET\", url + \"user/marryireland\").then(response => {\n  expect(response.status).to.eq(200);\n});",
              "err": {},
              "uuid": "bf01f4b4-af05-4007-8a49-90f47bdfdb7a",
              "parentUUID": "9259143c-140d-49b0-92cc-3a0e3d0ba9a0",
              "isHook": false,
              "skipped": false
            },
            {
              "title": "Update User ",
              "fullTitle": "User Tests Update User ",
              "timedOut": null,
              "duration": 169,
              "state": "passed",
              "speed": "fast",
              "pass": true,
              "fail": false,
              "pending": false,
              "context": null,
              "code": "cy.request({\n  method: \"PUT\",\n  url: url + \"user/marryland\",\n  body: data.updatePayload(\"Cengizhan\", \"İlteriş\")\n}).then(response => {\n  expect(response.status).to.eq(200);\n});",
              "err": {},
              "uuid": "bfc3ace6-092f-4410-b8d9-22df3095b6d9",
              "parentUUID": "9259143c-140d-49b0-92cc-3a0e3d0ba9a0",
              "isHook": false,
              "skipped": false
            },
            {
              "title": "Delete User",
              "fullTitle": "User Tests Delete User",
              "timedOut": null,
              "duration": 169,
              "state": "passed",
              "speed": "fast",
              "pass": true,
              "fail": false,
              "pending": false,
              "context": null,
              "code": "cy.request({\n  method: \"DELETE\",\n  url: url + \"user/marryireland\",\n  headers: data.headerPayload()\n}).then(response => {\n  expect(response.status).to.eq(200);\n});",
              "err": {},
              "uuid": "1e3d5433-dd84-4601-9fcb-4129bea77ab5",
              "parentUUID": "9259143c-140d-49b0-92cc-3a0e3d0ba9a0",
              "isHook": false,
              "skipped": false
            },
            {
              "title": "Create User ",
              "fullTitle": "User Tests Create User ",
              "timedOut": null,
              "duration": 170,
              "state": "passed",
              "speed": "fast",
              "pass": true,
              "fail": false,
              "pending": false,
              "context": null,
              "code": "cy.request({\n  method: \"POST\",\n  url: url + \"user\",\n  body: data.createPostDatav2()\n}).then(response => {\n  expect(response.status).to.eq(200);\n});",
              "err": {},
              "uuid": "9d21e61b-3bb2-46ee-9ba7-f2476801daf0",
              "parentUUID": "9259143c-140d-49b0-92cc-3a0e3d0ba9a0",
              "isHook": false,
              "skipped": false
            },
            {
              "title": "Get User Info",
              "fullTitle": "User Tests Get User Info",
              "timedOut": null,
              "duration": 165,
              "state": "passed",
              "speed": "fast",
              "pass": true,
              "fail": false,
              "pending": false,
              "context": null,
              "code": "cy.request(\"GET\", url + \"user/loginetc\").then(response => {\n  expect(response.status).to.eq(200);\n});",
              "err": {},
              "uuid": "ef9f5ad0-0bf0-410b-a1bb-ee5effeb76be",
              "parentUUID": "9259143c-140d-49b0-92cc-3a0e3d0ba9a0",
              "isHook": false,
              "skipped": false
            },
            {
              "title": "Login User",
              "fullTitle": "User Tests Login User",
              "timedOut": null,
              "duration": 166,
              "state": "passed",
              "speed": "fast",
              "pass": true,
              "fail": false,
              "pending": false,
              "context": null,
              "code": "cy.request({\n  method: \"GET\",\n  url: url + \"user/login\",\n  query: data.userSign(\"loginetc\", \"123123\")\n}).then(response => {\n  expect(response.status).to.eq(200);\n});",
              "err": {},
              "uuid": "af8f1e2d-eaa7-4949-ae59-95bc512a1fb5",
              "parentUUID": "9259143c-140d-49b0-92cc-3a0e3d0ba9a0",
              "isHook": false,
              "skipped": false
            },
            {
              "title": "Logout User",
              "fullTitle": "User Tests Logout User",
              "timedOut": null,
              "duration": 166,
              "state": "passed",
              "speed": "fast",
              "pass": true,
              "fail": false,
              "pending": false,
              "context": null,
              "code": "cy.request({\n  method: \"GET\",\n  url: url + \"user/logout\",\n  headers: data.headerPayload()\n}).then(response => {\n  expect(response.status).to.eq(200);\n});",
              "err": {},
              "uuid": "b227e4b7-4e2b-49ae-b827-dcc503ce0da4",
              "parentUUID": "9259143c-140d-49b0-92cc-3a0e3d0ba9a0",
              "isHook": false,
              "skipped": false
            },
            {
              "title": "Create With List User ",
              "fullTitle": "User Tests Create With List User ",
              "timedOut": null,
              "duration": 167,
              "state": "passed",
              "speed": "fast",
              "pass": true,
              "fail": false,
              "pending": false,
              "context": null,
              "code": "cy.request({\n  method: \"POST\",\n  url: url + \"user/createWithList\",\n  body: data.listPostData()\n}).then(response => {\n  expect(response.status).to.eq(200);\n});",
              "err": {},
              "uuid": "cc18d029-6e2e-4a92-85dc-7f75ea19ed5f",
              "parentUUID": "9259143c-140d-49b0-92cc-3a0e3d0ba9a0",
              "isHook": false,
              "skipped": false
            },
            {
              "title": "Create With Array User ",
              "fullTitle": "User Tests Create With Array User ",
              "timedOut": null,
              "duration": 170,
              "state": "passed",
              "speed": "fast",
              "pass": true,
              "fail": false,
              "pending": false,
              "context": null,
              "code": "cy.request({\n  method: \"POST\",\n  url: url + \"user/createWithArray\",\n  headers: data.headerPayload(),\n  body: data.listArrayPostData()\n}).then(response => {\n  expect(response.status).to.eq(200);\n});",
              "err": {},
              "uuid": "536cfe8d-824b-4087-873a-8aa455c88ca3",
              "parentUUID": "9259143c-140d-49b0-92cc-3a0e3d0ba9a0",
              "isHook": false,
              "skipped": false
            },
            {
              "title": "Check missing animal",
              "fullTitle": "User Tests Check missing animal",
              "timedOut": null,
              "duration": 167,
              "state": "passed",
              "speed": "fast",
              "pass": true,
              "fail": false,
              "pending": false,
              "context": null,
              "code": "cy.request({\n  method: \"GET\",\n  url: url + \"pet/44445555555555\",\n  failOnStatusCode: false // 404 hatası vermesini engellemek için\n}).then(response => {\n  expect(response.status).to.eq(404);\n});",
              "err": {},
              "uuid": "e3507dd6-9422-4557-ab92-12331bcbd7fe",
              "parentUUID": "9259143c-140d-49b0-92cc-3a0e3d0ba9a0",
              "isHook": false,
              "skipped": false
            },
            {
              "title": "Create New Animal",
              "fullTitle": "User Tests Create New Animal",
              "timedOut": null,
              "duration": 166,
              "state": "passed",
              "speed": "fast",
              "pass": true,
              "fail": false,
              "pending": false,
              "context": null,
              "code": "cy.request({\n  method: \"POST\",\n  url: url + \"pet\",\n  body: data.createPostAnimal()\n}).then(response => {\n  expect(response.status).to.eq(200);\n});",
              "err": {},
              "uuid": "15177d02-5745-480a-9652-b86e42ca1b62",
              "parentUUID": "9259143c-140d-49b0-92cc-3a0e3d0ba9a0",
              "isHook": false,
              "skipped": false
            },
            {
              "title": "Check New Animal",
              "fullTitle": "User Tests Check New Animal",
              "timedOut": null,
              "duration": 165,
              "state": "passed",
              "speed": "fast",
              "pass": true,
              "fail": false,
              "pending": false,
              "context": null,
              "code": "cy.request({\n  method: \"GET\",\n  url: url + \"pet/4444\"\n}).then(response => {\n  expect(response.status).to.eq(200);\n});",
              "err": {},
              "uuid": "d9938656-410d-4192-8cf9-b6518bb61f4a",
              "parentUUID": "9259143c-140d-49b0-92cc-3a0e3d0ba9a0",
              "isHook": false,
              "skipped": false
            },
            {
              "title": "Update Animal Name ",
              "fullTitle": "User Tests Update Animal Name ",
              "timedOut": null,
              "duration": 169,
              "state": "passed",
              "speed": "fast",
              "pass": true,
              "fail": false,
              "pending": false,
              "context": null,
              "code": "cy.request({\n  method: \"PUT\",\n  url: url + \"pet\",\n  body: data.PutAnimal(\"Çirkin\")\n}).then(response => {\n  expect(response.status).to.eq(200);\n});",
              "err": {},
              "uuid": "a6cff285-7244-40fd-a171-b7737eecdd25",
              "parentUUID": "9259143c-140d-49b0-92cc-3a0e3d0ba9a0",
              "isHook": false,
              "skipped": false
            },
            {
              "title": "Delete Success Animal",
              "fullTitle": "User Tests Delete Success Animal",
              "timedOut": null,
              "duration": 165,
              "state": "passed",
              "speed": "fast",
              "pass": true,
              "fail": false,
              "pending": false,
              "context": null,
              "code": "cy.request({\n  method: \"DELETE\",\n  url: url + \"pet/4444\",\n  headers: data.headerPayload()\n}).then(response => {\n  expect(response.status).to.eq(200);\n});",
              "err": {},
              "uuid": "5516e1fb-35cd-4f29-80dd-86986df8ae26",
              "parentUUID": "9259143c-140d-49b0-92cc-3a0e3d0ba9a0",
              "isHook": false,
              "skipped": false
            },
            {
              "title": "Delete expected 404 animal",
              "fullTitle": "User Tests Delete expected 404 animal",
              "timedOut": null,
              "duration": 165,
              "state": "passed",
              "speed": "fast",
              "pass": true,
              "fail": false,
              "pending": false,
              "context": null,
              "code": "cy.request({\n  method: \"DELETE\",\n  url: url + \"pet/44445555555555\",\n  failOnStatusCode: false // 404 hatası vermesini engellemek için\n}).then(response => {\n  expect(response.status).to.eq(404);\n});",
              "err": {},
              "uuid": "f4a3c686-7961-4537-8aff-8de464f8a246",
              "parentUUID": "9259143c-140d-49b0-92cc-3a0e3d0ba9a0",
              "isHook": false,
              "skipped": false
            }
          ],
          "suites": [],
          "passes": [
            "1ab3fb0a-3da2-4693-aee5-b9cde424169a",
            "bf01f4b4-af05-4007-8a49-90f47bdfdb7a",
            "bfc3ace6-092f-4410-b8d9-22df3095b6d9",
            "1e3d5433-dd84-4601-9fcb-4129bea77ab5",
            "9d21e61b-3bb2-46ee-9ba7-f2476801daf0",
            "ef9f5ad0-0bf0-410b-a1bb-ee5effeb76be",
            "af8f1e2d-eaa7-4949-ae59-95bc512a1fb5",
            "b227e4b7-4e2b-49ae-b827-dcc503ce0da4",
            "cc18d029-6e2e-4a92-85dc-7f75ea19ed5f",
            "536cfe8d-824b-4087-873a-8aa455c88ca3",
            "e3507dd6-9422-4557-ab92-12331bcbd7fe",
            "15177d02-5745-480a-9652-b86e42ca1b62",
            "d9938656-410d-4192-8cf9-b6518bb61f4a",
            "a6cff285-7244-40fd-a171-b7737eecdd25",
            "5516e1fb-35cd-4f29-80dd-86986df8ae26",
            "f4a3c686-7961-4537-8aff-8de464f8a246"
          ],
          "failures": [],
          "pending": [],
          "skipped": [],
          "duration": 3397,
          "root": false,
          "rootEmpty": false,
          "_timeout": 2000
        }
      ],
      "passes": [],
      "failures": [],
      "pending": [],
      "skipped": [],
      "duration": 0,
      "root": true,
      "rootEmpty": true,
      "_timeout": 2000
    }
  ],
  "meta": {
    "mocha": {
      "version": "7.0.1"
    },
    "mochawesome": {
      "options": {
        "quiet": false,
        "reportFilename": "mochawesome",
        "saveHtml": true,
        "saveJson": true,
        "consoleReporter": "spec",
        "useInlineDiffs": false,
        "code": true
      },
      "version": "7.1.3"
    },
    "marge": {
      "options": {
        "reportDir": "cypress/reports",
        "overwrite": false,
        "html": true,
        "json": true
      },
      "version": "6.2.0"
    }
  }
}