{
  "stats": {
    "suites": 1,
    "tests": 6,
    "passes": 6,
    "pending": 0,
    "failures": 0,
    "start": "2024-08-14T17:14:40.029Z",
    "end": "2024-08-14T17:14:41.709Z",
    "duration": 1680,
    "testsRegistered": 6,
    "passPercent": 100,
    "pendingPercent": 0,
    "other": 0,
    "hasOther": false,
    "skipped": 0,
    "hasSkipped": false
  },
  "results": [
    {
      "uuid": "c344650a-c4dc-44fe-8f69-77000ce0d774",
      "title": "",
      "fullFile": "cypress\\e2e\\tests\\pet-Tests.cy.js",
      "file": "cypress\\e2e\\tests\\pet-Tests.cy.js",
      "beforeHooks": [],
      "afterHooks": [],
      "tests": [],
      "suites": [
        {
          "uuid": "dc733716-0184-4865-8989-5d15b13a9071",
          "title": "User Tests",
          "fullFile": "",
          "file": "",
          "beforeHooks": [],
          "afterHooks": [],
          "tests": [
            {
              "title": "Check missing animal",
              "fullTitle": "User Tests Check missing animal",
              "timedOut": null,
              "duration": 827,
              "state": "passed",
              "speed": "fast",
              "pass": true,
              "fail": false,
              "pending": false,
              "context": null,
              "code": "cy.request({\n  method: \"GET\",\n  url: url + \"pet/44445555555555\",\n  failOnStatusCode: false // 404 hatası vermesini engellemek için\n}).then(response => {\n  expect(response.status).to.eq(404);\n});",
              "err": {},
              "uuid": "6ddae684-ec47-44c5-967f-1106c3e74d2e",
              "parentUUID": "dc733716-0184-4865-8989-5d15b13a9071",
              "isHook": false,
              "skipped": false
            },
            {
              "title": "Create New Animal",
              "fullTitle": "User Tests Create New Animal",
              "timedOut": null,
              "duration": 157,
              "state": "passed",
              "speed": "fast",
              "pass": true,
              "fail": false,
              "pending": false,
              "context": null,
              "code": "cy.request({\n  method: \"POST\",\n  url: url + \"pet\",\n  body: data.createPostAnimal()\n}).then(response => {\n  expect(response.status).to.eq(200);\n});",
              "err": {},
              "uuid": "e5cc14bf-5995-489e-9628-05ca160aa8bb",
              "parentUUID": "dc733716-0184-4865-8989-5d15b13a9071",
              "isHook": false,
              "skipped": false
            },
            {
              "title": "Check New Animal",
              "fullTitle": "User Tests Check New Animal",
              "timedOut": null,
              "duration": 155,
              "state": "passed",
              "speed": "fast",
              "pass": true,
              "fail": false,
              "pending": false,
              "context": null,
              "code": "cy.request({\n  method: \"GET\",\n  url: url + \"pet/4444\"\n}).then(response => {\n  expect(response.status).to.eq(200);\n});",
              "err": {},
              "uuid": "fdc0b20d-1fa0-4f93-922c-0a92d92af8a1",
              "parentUUID": "dc733716-0184-4865-8989-5d15b13a9071",
              "isHook": false,
              "skipped": false
            },
            {
              "title": "Update Animal Name ",
              "fullTitle": "User Tests Update Animal Name ",
              "timedOut": null,
              "duration": 157,
              "state": "passed",
              "speed": "fast",
              "pass": true,
              "fail": false,
              "pending": false,
              "context": null,
              "code": "cy.request({\n  method: \"PUT\",\n  url: url + \"pet\",\n  body: data.PutAnimal(\"Çirkin\")\n}).then(response => {\n  expect(response.status).to.eq(200);\n});",
              "err": {},
              "uuid": "6dece79e-7fae-4d7f-aaf2-cf6ffb302cb2",
              "parentUUID": "dc733716-0184-4865-8989-5d15b13a9071",
              "isHook": false,
              "skipped": false
            },
            {
              "title": "Delete Success Animal",
              "fullTitle": "User Tests Delete Success Animal",
              "timedOut": null,
              "duration": 157,
              "state": "passed",
              "speed": "fast",
              "pass": true,
              "fail": false,
              "pending": false,
              "context": null,
              "code": "cy.request({\n  method: \"DELETE\",\n  url: url + \"pet/4444\",\n  headers: data.headerPayload()\n}).then(response => {\n  expect(response.status).to.eq(200);\n});",
              "err": {},
              "uuid": "edaaea74-a2e0-4652-9d2d-9a0228a1bb57",
              "parentUUID": "dc733716-0184-4865-8989-5d15b13a9071",
              "isHook": false,
              "skipped": false
            },
            {
              "title": "Delete expected 404 animal",
              "fullTitle": "User Tests Delete expected 404 animal",
              "timedOut": null,
              "duration": 154,
              "state": "passed",
              "speed": "fast",
              "pass": true,
              "fail": false,
              "pending": false,
              "context": null,
              "code": "cy.request({\n  method: \"DELETE\",\n  url: url + \"pet/44445555555555\",\n  failOnStatusCode: false // 404 hatası vermesini engellemek için\n}).then(response => {\n  expect(response.status).to.eq(404);\n});",
              "err": {},
              "uuid": "f8bdbb44-030f-4083-8b30-9421d8e62dbf",
              "parentUUID": "dc733716-0184-4865-8989-5d15b13a9071",
              "isHook": false,
              "skipped": false
            }
          ],
          "suites": [],
          "passes": [
            "6ddae684-ec47-44c5-967f-1106c3e74d2e",
            "e5cc14bf-5995-489e-9628-05ca160aa8bb",
            "fdc0b20d-1fa0-4f93-922c-0a92d92af8a1",
            "6dece79e-7fae-4d7f-aaf2-cf6ffb302cb2",
            "edaaea74-a2e0-4652-9d2d-9a0228a1bb57",
            "f8bdbb44-030f-4083-8b30-9421d8e62dbf"
          ],
          "failures": [],
          "pending": [],
          "skipped": [],
          "duration": 1607,
          "root": false,
          "rootEmpty": false,
          "_timeout": 2000
        }
      ],
      "passes": [],
      "failures": [],
      "pending": [],
      "skipped": [],
      "duration": 0,
      "root": true,
      "rootEmpty": true,
      "_timeout": 2000
    }
  ],
  "meta": {
    "mocha": {
      "version": "7.0.1"
    },
    "mochawesome": {
      "options": {
        "quiet": false,
        "reportFilename": "mochawesome",
        "saveHtml": true,
        "saveJson": true,
        "consoleReporter": "spec",
        "useInlineDiffs": false,
        "code": true
      },
      "version": "7.1.3"
    },
    "marge": {
      "options": {
        "reportDir": "cypress/reports",
        "overwrite": false,
        "html": true,
        "json": true
      },
      "version": "6.2.0"
    }
  }
}