{
  "stats": {
    "suites": 1,
    "tests": 6,
    "passes": 6,
    "pending": 0,
    "failures": 0,
    "start": "2024-08-14T17:12:07.615Z",
    "end": "2024-08-14T17:12:09.303Z",
    "duration": 1688,
    "testsRegistered": 6,
    "passPercent": 100,
    "pendingPercent": 0,
    "other": 0,
    "hasOther": false,
    "skipped": 0,
    "hasSkipped": false
  },
  "results": [
    {
      "uuid": "8be3627e-7606-4056-91d0-3c9d1edc159e",
      "title": "",
      "fullFile": "cypress\\e2e\\tests\\pet-Tests.cy.js",
      "file": "cypress\\e2e\\tests\\pet-Tests.cy.js",
      "beforeHooks": [],
      "afterHooks": [],
      "tests": [],
      "suites": [
        {
          "uuid": "4ad9b338-cc40-4f9a-a6d5-400e24766020",
          "title": "User Tests",
          "fullFile": "",
          "file": "",
          "beforeHooks": [],
          "afterHooks": [],
          "tests": [
            {
              "title": "Check missing animal",
              "fullTitle": "User Tests Check missing animal",
              "timedOut": null,
              "duration": 833,
              "state": "passed",
              "speed": "fast",
              "pass": true,
              "fail": false,
              "pending": false,
              "context": null,
              "code": "cy.request({\n  method: \"GET\",\n  url: url + \"pet/44445555555555\",\n  failOnStatusCode: false // 404 hatası vermesini engellemek için\n}).then(response => {\n  expect(response.status).to.eq(404);\n});",
              "err": {},
              "uuid": "e143f9c7-7019-4606-ac13-ec337f654843",
              "parentUUID": "4ad9b338-cc40-4f9a-a6d5-400e24766020",
              "isHook": false,
              "skipped": false
            },
            {
              "title": "Create New Animal",
              "fullTitle": "User Tests Create New Animal",
              "timedOut": null,
              "duration": 157,
              "state": "passed",
              "speed": "fast",
              "pass": true,
              "fail": false,
              "pending": false,
              "context": null,
              "code": "cy.request({\n  method: \"POST\",\n  url: url + \"pet\",\n  body: data.createPostAnimal()\n}).then(response => {\n  expect(response.status).to.eq(200);\n});",
              "err": {},
              "uuid": "fb5c1bf0-3a93-4f62-92bf-9f495fa57b27",
              "parentUUID": "4ad9b338-cc40-4f9a-a6d5-400e24766020",
              "isHook": false,
              "skipped": false
            },
            {
              "title": "Check New Animal",
              "fullTitle": "User Tests Check New Animal",
              "timedOut": null,
              "duration": 156,
              "state": "passed",
              "speed": "fast",
              "pass": true,
              "fail": false,
              "pending": false,
              "context": null,
              "code": "cy.request({\n  method: \"GET\",\n  url: url + \"pet/4444\"\n}).then(response => {\n  expect(response.status).to.eq(200);\n});",
              "err": {},
              "uuid": "006d6f5a-5d73-48ad-b766-4f3c703e81df",
              "parentUUID": "4ad9b338-cc40-4f9a-a6d5-400e24766020",
              "isHook": false,
              "skipped": false
            },
            {
              "title": "Update Animal Name ",
              "fullTitle": "User Tests Update Animal Name ",
              "timedOut": null,
              "duration": 157,
              "state": "passed",
              "speed": "fast",
              "pass": true,
              "fail": false,
              "pending": false,
              "context": null,
              "code": "cy.request({\n  method: \"PUT\",\n  url: url + \"pet\",\n  body: data.PutAnimal(\"Çirkin\")\n}).then(response => {\n  expect(response.status).to.eq(200);\n});",
              "err": {},
              "uuid": "d13a1f49-febc-4053-82b5-a4a83279b539",
              "parentUUID": "4ad9b338-cc40-4f9a-a6d5-400e24766020",
              "isHook": false,
              "skipped": false
            },
            {
              "title": "Delete Success Animal",
              "fullTitle": "User Tests Delete Success Animal",
              "timedOut": null,
              "duration": 156,
              "state": "passed",
              "speed": "fast",
              "pass": true,
              "fail": false,
              "pending": false,
              "context": null,
              "code": "cy.request({\n  method: \"DELETE\",\n  url: url + \"pet/4444\",\n  headers: data.headerPayload()\n}).then(response => {\n  expect(response.status).to.eq(200);\n});",
              "err": {},
              "uuid": "2ec41939-d54a-4517-9b6c-20dde54b3b43",
              "parentUUID": "4ad9b338-cc40-4f9a-a6d5-400e24766020",
              "isHook": false,
              "skipped": false
            },
            {
              "title": "Delete expected 404 animal",
              "fullTitle": "User Tests Delete expected 404 animal",
              "timedOut": null,
              "duration": 156,
              "state": "passed",
              "speed": "fast",
              "pass": true,
              "fail": false,
              "pending": false,
              "context": null,
              "code": "cy.request({\n  method: \"DELETE\",\n  url: url + \"pet/44445555555555\",\n  failOnStatusCode: false // 404 hatası vermesini engellemek için\n}).then(response => {\n  expect(response.status).to.eq(404);\n});",
              "err": {},
              "uuid": "f8ab888e-33a2-42ef-80c4-6c62de6072f4",
              "parentUUID": "4ad9b338-cc40-4f9a-a6d5-400e24766020",
              "isHook": false,
              "skipped": false
            }
          ],
          "suites": [],
          "passes": [
            "e143f9c7-7019-4606-ac13-ec337f654843",
            "fb5c1bf0-3a93-4f62-92bf-9f495fa57b27",
            "006d6f5a-5d73-48ad-b766-4f3c703e81df",
            "d13a1f49-febc-4053-82b5-a4a83279b539",
            "2ec41939-d54a-4517-9b6c-20dde54b3b43",
            "f8ab888e-33a2-42ef-80c4-6c62de6072f4"
          ],
          "failures": [],
          "pending": [],
          "skipped": [],
          "duration": 1615,
          "root": false,
          "rootEmpty": false,
          "_timeout": 2000
        }
      ],
      "passes": [],
      "failures": [],
      "pending": [],
      "skipped": [],
      "duration": 0,
      "root": true,
      "rootEmpty": true,
      "_timeout": 2000
    }
  ],
  "meta": {
    "mocha": {
      "version": "7.0.1"
    },
    "mochawesome": {
      "options": {
        "quiet": false,
        "reportFilename": "mochawesome",
        "saveHtml": true,
        "saveJson": true,
        "consoleReporter": "spec",
        "useInlineDiffs": false,
        "code": true
      },
      "version": "7.1.3"
    },
    "marge": {
      "options": {
        "reportDir": "cypress/reports",
        "overwrite": false,
        "html": true,
        "json": true
      },
      "version": "6.2.0"
    }
  }
}