{
  "stats": {
    "suites": 1,
    "tests": 10,
    "passes": 10,
    "pending": 0,
    "failures": 0,
    "start": "2024-08-14T17:06:14.243Z",
    "end": "2024-08-14T17:06:16.010Z",
    "duration": 1767,
    "testsRegistered": 10,
    "passPercent": 100,
    "pendingPercent": 0,
    "other": 0,
    "hasOther": false,
    "skipped": 0,
    "hasSkipped": false
  },
  "results": [
    {
      "uuid": "1a204756-33ea-4c3e-89bd-109b952e2e2d",
      "title": "",
      "fullFile": "cypress\\e2e\\tests\\user-Tests.cy.js",
      "file": "cypress\\e2e\\tests\\user-Tests.cy.js",
      "beforeHooks": [],
      "afterHooks": [],
      "tests": [],
      "suites": [
        {
          "uuid": "e86b919a-ab4a-4e36-aead-e20939e48870",
          "title": "User Tests",
          "fullFile": "",
          "file": "",
          "beforeHooks": [],
          "afterHooks": [],
          "tests": [
            {
              "title": "Create User ",
              "fullTitle": "User Tests Create User ",
              "timedOut": null,
              "duration": 178,
              "state": "passed",
              "speed": "fast",
              "pass": true,
              "fail": false,
              "pending": false,
              "context": null,
              "code": "cy.request({\n  method: \"POST\",\n  url: url + \"user\",\n  body: data.bodyPayload()\n}).then(response => {\n  expect(response.status).to.eq(200);\n});",
              "err": {},
              "uuid": "23d47501-eff5-49b7-808a-f100685c24cd",
              "parentUUID": "e86b919a-ab4a-4e36-aead-e20939e48870",
              "isHook": false,
              "skipped": false
            },
            {
              "title": "Get User Info",
              "fullTitle": "User Tests Get User Info",
              "timedOut": null,
              "duration": 164,
              "state": "passed",
              "speed": "fast",
              "pass": true,
              "fail": false,
              "pending": false,
              "context": null,
              "code": "cy.request(\"GET\", url + \"user/marryireland\").then(response => {\n  expect(response.status).to.eq(200);\n});",
              "err": {},
              "uuid": "4412ef0b-6668-4f0e-80a1-a71f6ba3de27",
              "parentUUID": "e86b919a-ab4a-4e36-aead-e20939e48870",
              "isHook": false,
              "skipped": false
            },
            {
              "title": "Update User ",
              "fullTitle": "User Tests Update User ",
              "timedOut": null,
              "duration": 165,
              "state": "passed",
              "speed": "fast",
              "pass": true,
              "fail": false,
              "pending": false,
              "context": null,
              "code": "cy.request({\n  method: \"PUT\",\n  url: url + \"user/marryland\",\n  body: data.updatePayload(\"Cengizhan\", \"İlteriş\")\n}).then(response => {\n  expect(response.status).to.eq(200);\n});",
              "err": {},
              "uuid": "25fffc8a-262d-46a1-ac19-ecae0435c155",
              "parentUUID": "e86b919a-ab4a-4e36-aead-e20939e48870",
              "isHook": false,
              "skipped": false
            },
            {
              "title": "Delete User",
              "fullTitle": "User Tests Delete User",
              "timedOut": null,
              "duration": 163,
              "state": "passed",
              "speed": "fast",
              "pass": true,
              "fail": false,
              "pending": false,
              "context": null,
              "code": "cy.request({\n  method: \"DELETE\",\n  url: url + \"user/marryireland\",\n  headers: data.headerPayload()\n}).then(response => {\n  expect(response.status).to.eq(200);\n});",
              "err": {},
              "uuid": "d0012cd4-de74-47b2-be66-1d4f1abadcb3",
              "parentUUID": "e86b919a-ab4a-4e36-aead-e20939e48870",
              "isHook": false,
              "skipped": false
            },
            {
              "title": "Create User ",
              "fullTitle": "User Tests Create User ",
              "timedOut": null,
              "duration": 164,
              "state": "passed",
              "speed": "fast",
              "pass": true,
              "fail": false,
              "pending": false,
              "context": null,
              "code": "cy.request({\n  method: \"POST\",\n  url: url + \"user\",\n  body: data.createPostDatav2()\n}).then(response => {\n  expect(response.status).to.eq(200);\n});",
              "err": {},
              "uuid": "457ba5d9-7b0a-4017-b165-14bc05da6d3c",
              "parentUUID": "e86b919a-ab4a-4e36-aead-e20939e48870",
              "isHook": false,
              "skipped": false
            },
            {
              "title": "Get User Info",
              "fullTitle": "User Tests Get User Info",
              "timedOut": null,
              "duration": 165,
              "state": "passed",
              "speed": "fast",
              "pass": true,
              "fail": false,
              "pending": false,
              "context": null,
              "code": "cy.request(\"GET\", url + \"user/loginetc\").then(response => {\n  expect(response.status).to.eq(200);\n});",
              "err": {},
              "uuid": "eab996d2-ee7d-4e51-8fd8-836c2dcd73a4",
              "parentUUID": "e86b919a-ab4a-4e36-aead-e20939e48870",
              "isHook": false,
              "skipped": false
            },
            {
              "title": "Login User",
              "fullTitle": "User Tests Login User",
              "timedOut": null,
              "duration": 163,
              "state": "passed",
              "speed": "fast",
              "pass": true,
              "fail": false,
              "pending": false,
              "context": null,
              "code": "cy.request({\n  method: \"GET\",\n  url: url + \"user/login\",\n  query: data.userSign(\"loginetc\", \"123123\")\n}).then(response => {\n  expect(response.status).to.eq(200);\n});",
              "err": {},
              "uuid": "737b55f7-452e-44e2-b1f3-e89ba1340644",
              "parentUUID": "e86b919a-ab4a-4e36-aead-e20939e48870",
              "isHook": false,
              "skipped": false
            },
            {
              "title": "Logout User",
              "fullTitle": "User Tests Logout User",
              "timedOut": null,
              "duration": 164,
              "state": "passed",
              "speed": "fast",
              "pass": true,
              "fail": false,
              "pending": false,
              "context": null,
              "code": "cy.request({\n  method: \"GET\",\n  url: url + \"user/logout\",\n  headers: data.headerPayload()\n}).then(response => {\n  expect(response.status).to.eq(200);\n});",
              "err": {},
              "uuid": "1634f279-d863-43d2-a80c-da1f62e6dd37",
              "parentUUID": "e86b919a-ab4a-4e36-aead-e20939e48870",
              "isHook": false,
              "skipped": false
            },
            {
              "title": "Create With List User ",
              "fullTitle": "User Tests Create With List User ",
              "timedOut": null,
              "duration": 167,
              "state": "passed",
              "speed": "fast",
              "pass": true,
              "fail": false,
              "pending": false,
              "context": null,
              "code": "cy.request({\n  method: \"POST\",\n  url: url + \"user/createWithList\",\n  body: data.listPostData()\n}).then(response => {\n  expect(response.status).to.eq(200);\n});",
              "err": {},
              "uuid": "e48100f2-0de2-4f7e-ba72-e7e53a4514eb",
              "parentUUID": "e86b919a-ab4a-4e36-aead-e20939e48870",
              "isHook": false,
              "skipped": false
            },
            {
              "title": "Create With Array User ",
              "fullTitle": "User Tests Create With Array User ",
              "timedOut": null,
              "duration": 165,
              "state": "passed",
              "speed": "fast",
              "pass": true,
              "fail": false,
              "pending": false,
              "context": null,
              "code": "cy.request({\n  method: \"POST\",\n  url: url + \"user/createWithArray\",\n  headers: data.headerPayload(),\n  body: data.listArrayPostData()\n}).then(response => {\n  expect(response.status).to.eq(200);\n});",
              "err": {},
              "uuid": "464779db-7e20-4172-a56e-c1dca1c5a065",
              "parentUUID": "e86b919a-ab4a-4e36-aead-e20939e48870",
              "isHook": false,
              "skipped": false
            }
          ],
          "suites": [],
          "passes": [
            "23d47501-eff5-49b7-808a-f100685c24cd",
            "4412ef0b-6668-4f0e-80a1-a71f6ba3de27",
            "25fffc8a-262d-46a1-ac19-ecae0435c155",
            "d0012cd4-de74-47b2-be66-1d4f1abadcb3",
            "457ba5d9-7b0a-4017-b165-14bc05da6d3c",
            "eab996d2-ee7d-4e51-8fd8-836c2dcd73a4",
            "737b55f7-452e-44e2-b1f3-e89ba1340644",
            "1634f279-d863-43d2-a80c-da1f62e6dd37",
            "e48100f2-0de2-4f7e-ba72-e7e53a4514eb",
            "464779db-7e20-4172-a56e-c1dca1c5a065"
          ],
          "failures": [],
          "pending": [],
          "skipped": [],
          "duration": 1658,
          "root": false,
          "rootEmpty": false,
          "_timeout": 2000
        }
      ],
      "passes": [],
      "failures": [],
      "pending": [],
      "skipped": [],
      "duration": 0,
      "root": true,
      "rootEmpty": true,
      "_timeout": 2000
    }
  ],
  "meta": {
    "mocha": {
      "version": "7.0.1"
    },
    "mochawesome": {
      "options": {
        "quiet": false,
        "reportFilename": "mochawesome",
        "saveHtml": true,
        "saveJson": true,
        "consoleReporter": "spec",
        "useInlineDiffs": false,
        "code": true
      },
      "version": "7.1.3"
    },
    "marge": {
      "options": {
        "reportDir": "cypress/reports",
        "overwrite": false,
        "html": true,
        "json": true
      },
      "version": "6.2.0"
    }
  }
}