{
  "stats": {
    "suites": 1,
    "tests": 10,
    "passes": 10,
    "pending": 0,
    "failures": 0,
    "start": "2024-08-14T17:22:43.787Z",
    "end": "2024-08-14T17:22:45.626Z",
    "duration": 1839,
    "testsRegistered": 10,
    "passPercent": 100,
    "pendingPercent": 0,
    "other": 0,
    "hasOther": false,
    "skipped": 0,
    "hasSkipped": false
  },
  "results": [
    {
      "uuid": "10a3d6f6-8c9e-4296-9fd3-87ccaf107737",
      "title": "",
      "fullFile": "cypress\\e2e\\tests\\user-Tests.cy.js",
      "file": "cypress\\e2e\\tests\\user-Tests.cy.js",
      "beforeHooks": [],
      "afterHooks": [],
      "tests": [],
      "suites": [
        {
          "uuid": "cd5234e7-776f-4df1-89fa-2a646d42ff25",
          "title": "User Tests",
          "fullFile": "",
          "file": "",
          "beforeHooks": [],
          "afterHooks": [],
          "tests": [
            {
              "title": "Create User ",
              "fullTitle": "User Tests Create User ",
              "timedOut": null,
              "duration": 186,
              "state": "passed",
              "speed": "fast",
              "pass": true,
              "fail": false,
              "pending": false,
              "context": null,
              "code": "cy.request({\n  method: \"POST\",\n  url: url + \"user\",\n  body: data.bodyPayload()\n}).then(response => {\n  expect(response.status).to.eq(200);\n});",
              "err": {},
              "uuid": "248d1493-70e5-4ac3-a454-c03ea0a14928",
              "parentUUID": "cd5234e7-776f-4df1-89fa-2a646d42ff25",
              "isHook": false,
              "skipped": false
            },
            {
              "title": "Get User Info",
              "fullTitle": "User Tests Get User Info",
              "timedOut": null,
              "duration": 171,
              "state": "passed",
              "speed": "fast",
              "pass": true,
              "fail": false,
              "pending": false,
              "context": null,
              "code": "cy.request(\"GET\", url + \"user/marryireland\").then(response => {\n  expect(response.status).to.eq(200);\n});",
              "err": {},
              "uuid": "ab0eb731-abb9-42b7-bf6b-01786cd1bf58",
              "parentUUID": "cd5234e7-776f-4df1-89fa-2a646d42ff25",
              "isHook": false,
              "skipped": false
            },
            {
              "title": "Update User ",
              "fullTitle": "User Tests Update User ",
              "timedOut": null,
              "duration": 170,
              "state": "passed",
              "speed": "fast",
              "pass": true,
              "fail": false,
              "pending": false,
              "context": null,
              "code": "cy.request({\n  method: \"PUT\",\n  url: url + \"user/marryland\",\n  body: data.updatePayload(\"Cengizhan\", \"İlteriş\")\n}).then(response => {\n  expect(response.status).to.eq(200);\n});",
              "err": {},
              "uuid": "48441619-b26e-45a9-94a6-413304abe0b7",
              "parentUUID": "cd5234e7-776f-4df1-89fa-2a646d42ff25",
              "isHook": false,
              "skipped": false
            },
            {
              "title": "Delete User",
              "fullTitle": "User Tests Delete User",
              "timedOut": null,
              "duration": 170,
              "state": "passed",
              "speed": "fast",
              "pass": true,
              "fail": false,
              "pending": false,
              "context": null,
              "code": "cy.request({\n  method: \"DELETE\",\n  url: url + \"user/marryireland\",\n  headers: data.headerPayload()\n}).then(response => {\n  expect(response.status).to.eq(200);\n});",
              "err": {},
              "uuid": "abcb870e-4ee7-42b1-af36-1ff022f886b9",
              "parentUUID": "cd5234e7-776f-4df1-89fa-2a646d42ff25",
              "isHook": false,
              "skipped": false
            },
            {
              "title": "Create User ",
              "fullTitle": "User Tests Create User ",
              "timedOut": null,
              "duration": 170,
              "state": "passed",
              "speed": "fast",
              "pass": true,
              "fail": false,
              "pending": false,
              "context": null,
              "code": "cy.request({\n  method: \"POST\",\n  url: url + \"user\",\n  body: data.createPostDatav2()\n}).then(response => {\n  expect(response.status).to.eq(200);\n});",
              "err": {},
              "uuid": "bdcef539-cb32-4bb2-a696-47e25b8d2138",
              "parentUUID": "cd5234e7-776f-4df1-89fa-2a646d42ff25",
              "isHook": false,
              "skipped": false
            },
            {
              "title": "Get User Info",
              "fullTitle": "User Tests Get User Info",
              "timedOut": null,
              "duration": 173,
              "state": "passed",
              "speed": "fast",
              "pass": true,
              "fail": false,
              "pending": false,
              "context": null,
              "code": "cy.request(\"GET\", url + \"user/loginetc\").then(response => {\n  expect(response.status).to.eq(200);\n});",
              "err": {},
              "uuid": "febe622d-3b4e-4a2f-9aef-05ce68470df5",
              "parentUUID": "cd5234e7-776f-4df1-89fa-2a646d42ff25",
              "isHook": false,
              "skipped": false
            },
            {
              "title": "Login User",
              "fullTitle": "User Tests Login User",
              "timedOut": null,
              "duration": 170,
              "state": "passed",
              "speed": "fast",
              "pass": true,
              "fail": false,
              "pending": false,
              "context": null,
              "code": "cy.request({\n  method: \"GET\",\n  url: url + \"user/login\",\n  query: data.userSign(\"loginetc\", \"123123\")\n}).then(response => {\n  expect(response.status).to.eq(200);\n});",
              "err": {},
              "uuid": "4e73a259-aa7e-4e54-a1a6-1e1711e2719b",
              "parentUUID": "cd5234e7-776f-4df1-89fa-2a646d42ff25",
              "isHook": false,
              "skipped": false
            },
            {
              "title": "Logout User",
              "fullTitle": "User Tests Logout User",
              "timedOut": null,
              "duration": 170,
              "state": "passed",
              "speed": "fast",
              "pass": true,
              "fail": false,
              "pending": false,
              "context": null,
              "code": "cy.request({\n  method: \"GET\",\n  url: url + \"user/logout\",\n  headers: data.headerPayload()\n}).then(response => {\n  expect(response.status).to.eq(200);\n});",
              "err": {},
              "uuid": "c6e7ab22-4376-4e92-a33a-dd7e568e970c",
              "parentUUID": "cd5234e7-776f-4df1-89fa-2a646d42ff25",
              "isHook": false,
              "skipped": false
            },
            {
              "title": "Create With List User ",
              "fullTitle": "User Tests Create With List User ",
              "timedOut": null,
              "duration": 170,
              "state": "passed",
              "speed": "fast",
              "pass": true,
              "fail": false,
              "pending": false,
              "context": null,
              "code": "cy.request({\n  method: \"POST\",\n  url: url + \"user/createWithList\",\n  body: data.listPostData()\n}).then(response => {\n  expect(response.status).to.eq(200);\n});",
              "err": {},
              "uuid": "0e7e421a-7b28-4861-a679-81294a12e5f5",
              "parentUUID": "cd5234e7-776f-4df1-89fa-2a646d42ff25",
              "isHook": false,
              "skipped": false
            },
            {
              "title": "Create With Array User ",
              "fullTitle": "User Tests Create With Array User ",
              "timedOut": null,
              "duration": 171,
              "state": "passed",
              "speed": "fast",
              "pass": true,
              "fail": false,
              "pending": false,
              "context": null,
              "code": "cy.request({\n  method: \"POST\",\n  url: url + \"user/createWithArray\",\n  headers: data.headerPayload(),\n  body: data.listArrayPostData()\n}).then(response => {\n  expect(response.status).to.eq(200);\n});",
              "err": {},
              "uuid": "0b3fae53-1d24-40af-88e5-6707990b8925",
              "parentUUID": "cd5234e7-776f-4df1-89fa-2a646d42ff25",
              "isHook": false,
              "skipped": false
            }
          ],
          "suites": [],
          "passes": [
            "248d1493-70e5-4ac3-a454-c03ea0a14928",
            "ab0eb731-abb9-42b7-bf6b-01786cd1bf58",
            "48441619-b26e-45a9-94a6-413304abe0b7",
            "abcb870e-4ee7-42b1-af36-1ff022f886b9",
            "bdcef539-cb32-4bb2-a696-47e25b8d2138",
            "febe622d-3b4e-4a2f-9aef-05ce68470df5",
            "4e73a259-aa7e-4e54-a1a6-1e1711e2719b",
            "c6e7ab22-4376-4e92-a33a-dd7e568e970c",
            "0e7e421a-7b28-4861-a679-81294a12e5f5",
            "0b3fae53-1d24-40af-88e5-6707990b8925"
          ],
          "failures": [],
          "pending": [],
          "skipped": [],
          "duration": 1721,
          "root": false,
          "rootEmpty": false,
          "_timeout": 2000
        }
      ],
      "passes": [],
      "failures": [],
      "pending": [],
      "skipped": [],
      "duration": 0,
      "root": true,
      "rootEmpty": true,
      "_timeout": 2000
    }
  ],
  "meta": {
    "mocha": {
      "version": "7.0.1"
    },
    "mochawesome": {
      "options": {
        "quiet": false,
        "reportFilename": "mochawesome",
        "saveHtml": true,
        "saveJson": true,
        "consoleReporter": "spec",
        "useInlineDiffs": false,
        "code": true
      },
      "version": "7.1.3"
    },
    "marge": {
      "options": {
        "reportDir": "cypress/reports",
        "overwrite": false,
        "html": true,
        "json": true
      },
      "version": "6.2.0"
    }
  }
}