{
  "stats": {
    "suites": 1,
    "tests": 1,
    "passes": 0,
    "pending": 0,
    "failures": 1,
    "start": "2024-08-14T17:06:12.048Z",
    "end": "2024-08-14T17:06:12.350Z",
    "duration": 302,
    "testsRegistered": 1,
    "passPercent": 0,
    "pendingPercent": 0,
    "other": 0,
    "hasOther": false,
    "skipped": 0,
    "hasSkipped": false
  },
  "results": [
    {
      "uuid": "da7dff63-0fc1-47c7-a0e8-502cc5e40158",
      "title": "",
      "fullFile": "cypress\\e2e\\tests\\store-Tests.cy.js",
      "file": "cypress\\e2e\\tests\\store-Tests.cy.js",
      "beforeHooks": [],
      "afterHooks": [],
      "tests": [],
      "suites": [
        {
          "uuid": "f86fe506-5518-4a58-834b-30ab86cf5e66",
          "title": "User Tests",
          "fullFile": "",
          "file": "",
          "beforeHooks": [],
          "afterHooks": [],
          "tests": [
            {
              "title": "Petstore için oluşturma",
              "fullTitle": "User Tests Petstore için oluşturma",
              "timedOut": null,
              "duration": 243,
              "state": "failed",
              "speed": null,
              "pass": false,
              "fail": true,
              "pending": false,
              "context": null,
              "code": "cy.request({\n  method: 'POST',\n  url: url + \"store/order\",\n  body: store.orderPetBody(),\n  headers: params.headerPayload()\n}).then(response => {\n  console.log(response);\n  expect(response.status).to.eq(200);\n});",
              "err": {
                "message": "ReferenceError: store is not defined",
                "estack": "ReferenceError: store is not defined\n    at Context.eval (webpack:///./cypress/e2e/tests/store-Tests.cy.js:12:12)",
                "diff": null
              },
              "uuid": "d2b338c9-4fcd-43af-bbfc-c27b4ea0c893",
              "parentUUID": "f86fe506-5518-4a58-834b-30ab86cf5e66",
              "isHook": false,
              "skipped": false
            }
          ],
          "suites": [],
          "passes": [],
          "failures": [
            "d2b338c9-4fcd-43af-bbfc-c27b4ea0c893"
          ],
          "pending": [],
          "skipped": [],
          "duration": 243,
          "root": false,
          "rootEmpty": false,
          "_timeout": 2000
        }
      ],
      "passes": [],
      "failures": [],
      "pending": [],
      "skipped": [],
      "duration": 0,
      "root": true,
      "rootEmpty": true,
      "_timeout": 2000
    }
  ],
  "meta": {
    "mocha": {
      "version": "7.0.1"
    },
    "mochawesome": {
      "options": {
        "quiet": false,
        "reportFilename": "mochawesome",
        "saveHtml": true,
        "saveJson": true,
        "consoleReporter": "spec",
        "useInlineDiffs": false,
        "code": true
      },
      "version": "7.1.3"
    },
    "marge": {
      "options": {
        "reportDir": "cypress/reports",
        "overwrite": false,
        "html": true,
        "json": true
      },
      "version": "6.2.0"
    }
  }
}