{
  "stats": {
    "suites": 1,
    "tests": 2,
    "passes": 1,
    "pending": 0,
    "failures": 1,
    "start": "2024-08-14T17:12:46.678Z",
    "end": "2024-08-14T17:12:47.257Z",
    "duration": 579,
    "testsRegistered": 2,
    "passPercent": 50,
    "pendingPercent": 0,
    "other": 0,
    "hasOther": false,
    "skipped": 0,
    "hasSkipped": false
  },
  "results": [
    {
      "uuid": "fdfb2cd8-025d-4fa0-9e12-254cd20a613b",
      "title": "",
      "fullFile": "cypress\\e2e\\tests\\store-Tests.cy.js",
      "file": "cypress\\e2e\\tests\\store-Tests.cy.js",
      "beforeHooks": [],
      "afterHooks": [],
      "tests": [],
      "suites": [
        {
          "uuid": "4fcf2258-d2b2-42d8-9371-89bd22013187",
          "title": "User Tests",
          "fullFile": "",
          "file": "",
          "beforeHooks": [],
          "afterHooks": [],
          "tests": [
            {
              "title": "Petstore için oluşturma",
              "fullTitle": "User Tests Petstore için oluşturma",
              "timedOut": null,
              "duration": 184,
              "state": "passed",
              "speed": "fast",
              "pass": true,
              "fail": false,
              "pending": false,
              "context": null,
              "code": "cy.request({\n  method: 'POST',\n  url: url + \"store/order\",\n  body: data.orderPetBody()\n}).then(response => {\n  console.log(response);\n  expect(response.status).to.eq(200);\n});",
              "err": {},
              "uuid": "e4f46d63-7b3e-4fa1-9133-79cbdf7a17cc",
              "parentUUID": "4fcf2258-d2b2-42d8-9371-89bd22013187",
              "isHook": false,
              "skipped": false
            },
            {
              "title": "ID ile bulma",
              "fullTitle": "User Tests ID ile bulma",
              "timedOut": null,
              "duration": 338,
              "state": "failed",
              "speed": null,
              "pass": false,
              "fail": true,
              "pending": false,
              "context": null,
              "code": "cy.request('GET', url + \"store/order/5\" + data.orderPetBody().id.toString()).then(response => {\n  expect(response.status).to.eq(200);\n  expect(response.body).to.have.property('id', store.orderPetBody().id);\n});",
              "err": {
                "message": "ReferenceError: store is not defined",
                "estack": "ReferenceError: store is not defined\n    at Context.eval (webpack:///./cypress/e2e/tests/store-Tests.cy.js:24:53)",
                "diff": null
              },
              "uuid": "e184eff6-a768-4570-96c3-ddbe7a006e90",
              "parentUUID": "4fcf2258-d2b2-42d8-9371-89bd22013187",
              "isHook": false,
              "skipped": false
            }
          ],
          "suites": [],
          "passes": [
            "e4f46d63-7b3e-4fa1-9133-79cbdf7a17cc"
          ],
          "failures": [
            "e184eff6-a768-4570-96c3-ddbe7a006e90"
          ],
          "pending": [],
          "skipped": [],
          "duration": 522,
          "root": false,
          "rootEmpty": false,
          "_timeout": 2000
        }
      ],
      "passes": [],
      "failures": [],
      "pending": [],
      "skipped": [],
      "duration": 0,
      "root": true,
      "rootEmpty": true,
      "_timeout": 2000
    }
  ],
  "meta": {
    "mocha": {
      "version": "7.0.1"
    },
    "mochawesome": {
      "options": {
        "quiet": false,
        "reportFilename": "mochawesome",
        "saveHtml": true,
        "saveJson": true,
        "consoleReporter": "spec",
        "useInlineDiffs": false,
        "code": true
      },
      "version": "7.1.3"
    },
    "marge": {
      "options": {
        "reportDir": "cypress/reports",
        "overwrite": false,
        "html": true,
        "json": true
      },
      "version": "6.2.0"
    }
  }
}